[0.464s] DEBUG:colcon:Command line arguments: ['/usr/bin/colcon', 'list', '-p', '--base-paths', '/home/tracer/catkin_ws']
[0.464s] DEBUG:colcon:Parsed command line arguments: Namespace(allow_overriding=[], base_paths=['/home/tracer/catkin_ws'], build_base='build', ignore_user_meta=False, log_base=None, log_level=None, main=<bound method ListVerb.main of <colcon_package_information.verb.list.ListVerb object at 0x7f3801d36bb0>>, metas=['./colcon.meta'], names_only=False, packages_above=None, packages_above_and_dependencies=None, packages_above_depth=None, packages_end=None, packages_ignore=None, packages_ignore_regex=None, packages_select=None, packages_select_build_failed=False, packages_select_by_dep=None, packages_select_regex=None, packages_select_test_failures=False, packages_skip=None, packages_skip_build_finished=False, packages_skip_by_dep=None, packages_skip_regex=None, packages_skip_test_passed=False, packages_skip_up_to=None, packages_start=None, packages_up_to=None, packages_up_to_regex=None, paths=None, paths_only=True, topological_graph=False, topological_graph_density=False, topological_graph_dot=False, topological_graph_dot_cluster=False, topological_graph_dot_include_skipped=False, topological_graph_legend=False, topological_order=False, verb_extension=<colcon_package_information.verb.list.ListVerb object at 0x7f3801d36bb0>, verb_name='list', verb_parser=<colcon_defaults.argument_parser.defaults.DefaultArgumentsDecorator object at 0x7f3801d510a0>)
[0.533s] Level 1:colcon.colcon_core.package_discovery:discover_packages(colcon_meta) check parameters
[0.533s] Level 1:colcon.colcon_core.package_discovery:discover_packages(recursive) check parameters
[0.533s] Level 1:colcon.colcon_core.package_discovery:discover_packages(ignore) check parameters
[0.533s] Level 1:colcon.colcon_core.package_discovery:discover_packages(path) check parameters
[0.534s] Level 1:colcon.colcon_core.package_discovery:discover_packages(recursive) discover
[0.536s] INFO:colcon.colcon_core.package_discovery:Crawling recursively for packages in '/home/tracer/catkin_ws'
[0.536s] Level 1:colcon.colcon_core.package_identification:_identify(/home/tracer/catkin_ws) by extensions ['ignore', 'ignore_ament_install']
[0.537s] Level 1:colcon.colcon_core.package_identification:_identify(/home/tracer/catkin_ws) by extension 'ignore'
[0.537s] Level 1:colcon.colcon_core.package_identification:_identify(/home/tracer/catkin_ws) by extension 'ignore_ament_install'
[0.541s] Level 1:colcon.colcon_core.package_identification:_identify(/home/tracer/catkin_ws) by extensions ['colcon_pkg']
[0.541s] Level 1:colcon.colcon_core.package_identification:_identify(/home/tracer/catkin_ws) by extension 'colcon_pkg'
[0.542s] Level 1:colcon.colcon_core.package_identification:_identify(/home/tracer/catkin_ws) by extensions ['colcon_meta']
[0.542s] Level 1:colcon.colcon_core.package_identification:_identify(/home/tracer/catkin_ws) by extension 'colcon_meta'
[0.542s] Level 1:colcon.colcon_core.package_identification:_identify(/home/tracer/catkin_ws) by extensions ['ros']
[0.542s] Level 1:colcon.colcon_core.package_identification:_identify(/home/tracer/catkin_ws) by extension 'ros'
[0.574s] Level 1:colcon.colcon_core.package_identification:_identify(/home/tracer/catkin_ws) by extensions ['cmake', 'python']
[0.575s] Level 1:colcon.colcon_core.package_identification:_identify(/home/tracer/catkin_ws) by extension 'cmake'
[0.575s] Level 1:colcon.colcon_core.package_identification:_identify(/home/tracer/catkin_ws) by extension 'python'
[0.575s] Level 1:colcon.colcon_core.package_identification:_identify(/home/tracer/catkin_ws) by extensions ['python_setup_py']
[0.575s] Level 1:colcon.colcon_core.package_identification:_identify(/home/tracer/catkin_ws) by extension 'python_setup_py'
[0.575s] Level 1:colcon.colcon_core.package_identification:_identify(/home/tracer/catkin_ws/log) by extensions ['ignore', 'ignore_ament_install']
[0.576s] Level 1:colcon.colcon_core.package_identification:_identify(/home/tracer/catkin_ws/log) by extension 'ignore'
[0.576s] Level 1:colcon.colcon_core.package_identification:_identify(/home/tracer/catkin_ws/log) ignored
[0.576s] Level 1:colcon.colcon_core.package_identification:_identify(/home/tracer/catkin_ws/src) by extensions ['ignore', 'ignore_ament_install']
[0.577s] Level 1:colcon.colcon_core.package_identification:_identify(/home/tracer/catkin_ws/src) by extension 'ignore'
[0.577s] Level 1:colcon.colcon_core.package_identification:_identify(/home/tracer/catkin_ws/src) by extension 'ignore_ament_install'
[0.577s] Level 1:colcon.colcon_core.package_identification:_identify(/home/tracer/catkin_ws/src) by extensions ['colcon_pkg']
[0.577s] Level 1:colcon.colcon_core.package_identification:_identify(/home/tracer/catkin_ws/src) by extension 'colcon_pkg'
[0.577s] Level 1:colcon.colcon_core.package_identification:_identify(/home/tracer/catkin_ws/src) by extensions ['colcon_meta']
[0.577s] Level 1:colcon.colcon_core.package_identification:_identify(/home/tracer/catkin_ws/src) by extension 'colcon_meta'
[0.578s] Level 1:colcon.colcon_core.package_identification:_identify(/home/tracer/catkin_ws/src) by extensions ['ros']
[0.578s] Level 1:colcon.colcon_core.package_identification:_identify(/home/tracer/catkin_ws/src) by extension 'ros'
[0.578s] Level 1:colcon.colcon_core.package_identification:_identify(/home/tracer/catkin_ws/src) by extensions ['cmake', 'python']
[0.578s] Level 1:colcon.colcon_core.package_identification:_identify(/home/tracer/catkin_ws/src) by extension 'cmake'
[0.578s] Level 1:colcon.colcon_core.package_identification:_identify(/home/tracer/catkin_ws/src) by extension 'python'
[0.578s] Level 1:colcon.colcon_core.package_identification:_identify(/home/tracer/catkin_ws/src) by extensions ['python_setup_py']
[0.578s] Level 1:colcon.colcon_core.package_identification:_identify(/home/tracer/catkin_ws/src) by extension 'python_setup_py'
[0.579s] Level 1:colcon.colcon_core.package_identification:_identify(/home/tracer/catkin_ws/src/tracer_ros) by extensions ['ignore', 'ignore_ament_install']
[0.579s] Level 1:colcon.colcon_core.package_identification:_identify(/home/tracer/catkin_ws/src/tracer_ros) by extension 'ignore'
[0.579s] Level 1:colcon.colcon_core.package_identification:_identify(/home/tracer/catkin_ws/src/tracer_ros) by extension 'ignore_ament_install'
[0.579s] Level 1:colcon.colcon_core.package_identification:_identify(/home/tracer/catkin_ws/src/tracer_ros) by extensions ['colcon_pkg']
[0.579s] Level 1:colcon.colcon_core.package_identification:_identify(/home/tracer/catkin_ws/src/tracer_ros) by extension 'colcon_pkg'
[0.579s] Level 1:colcon.colcon_core.package_identification:_identify(/home/tracer/catkin_ws/src/tracer_ros) by extensions ['colcon_meta']
[0.579s] Level 1:colcon.colcon_core.package_identification:_identify(/home/tracer/catkin_ws/src/tracer_ros) by extension 'colcon_meta'
[0.579s] Level 1:colcon.colcon_core.package_identification:_identify(/home/tracer/catkin_ws/src/tracer_ros) by extensions ['ros']
[0.579s] Level 1:colcon.colcon_core.package_identification:_identify(/home/tracer/catkin_ws/src/tracer_ros) by extension 'ros'
[0.580s] Level 1:colcon.colcon_core.package_identification:_identify(/home/tracer/catkin_ws/src/tracer_ros) by extensions ['cmake', 'python']
[0.580s] Level 1:colcon.colcon_core.package_identification:_identify(/home/tracer/catkin_ws/src/tracer_ros) by extension 'cmake'
[0.580s] Level 1:colcon.colcon_core.package_identification:_identify(/home/tracer/catkin_ws/src/tracer_ros) by extension 'python'
[0.580s] Level 1:colcon.colcon_core.package_identification:_identify(/home/tracer/catkin_ws/src/tracer_ros) by extensions ['python_setup_py']
[0.580s] Level 1:colcon.colcon_core.package_identification:_identify(/home/tracer/catkin_ws/src/tracer_ros) by extension 'python_setup_py'
[0.581s] Level 1:colcon.colcon_core.package_identification:_identify(/home/tracer/catkin_ws/src/tracer_ros/tracer_base) by extensions ['ignore', 'ignore_ament_install']
[0.581s] Level 1:colcon.colcon_core.package_identification:_identify(/home/tracer/catkin_ws/src/tracer_ros/tracer_base) by extension 'ignore'
[0.581s] Level 1:colcon.colcon_core.package_identification:_identify(/home/tracer/catkin_ws/src/tracer_ros/tracer_base) by extension 'ignore_ament_install'
[0.581s] Level 1:colcon.colcon_core.package_identification:_identify(/home/tracer/catkin_ws/src/tracer_ros/tracer_base) by extensions ['colcon_pkg']
[0.581s] Level 1:colcon.colcon_core.package_identification:_identify(/home/tracer/catkin_ws/src/tracer_ros/tracer_base) by extension 'colcon_pkg'
[0.582s] Level 1:colcon.colcon_core.package_identification:_identify(/home/tracer/catkin_ws/src/tracer_ros/tracer_base) by extensions ['colcon_meta']
[0.582s] Level 1:colcon.colcon_core.package_identification:_identify(/home/tracer/catkin_ws/src/tracer_ros/tracer_base) by extension 'colcon_meta'
[0.582s] Level 1:colcon.colcon_core.package_identification:_identify(/home/tracer/catkin_ws/src/tracer_ros/tracer_base) by extensions ['ros']
[0.582s] Level 1:colcon.colcon_core.package_identification:_identify(/home/tracer/catkin_ws/src/tracer_ros/tracer_base) by extension 'ros'
[0.590s] DEBUG:colcon.colcon_core.package_identification:Package '/home/tracer/catkin_ws/src/tracer_ros/tracer_base' with type 'ros.catkin' and name 'tracer_base'
[0.590s] Level 1:colcon.colcon_core.package_identification:_identify(/home/tracer/catkin_ws/src/tracer_ros/tracer_bringup) by extensions ['ignore', 'ignore_ament_install']
[0.590s] Level 1:colcon.colcon_core.package_identification:_identify(/home/tracer/catkin_ws/src/tracer_ros/tracer_bringup) by extension 'ignore'
[0.591s] Level 1:colcon.colcon_core.package_identification:_identify(/home/tracer/catkin_ws/src/tracer_ros/tracer_bringup) by extension 'ignore_ament_install'
[0.591s] Level 1:colcon.colcon_core.package_identification:_identify(/home/tracer/catkin_ws/src/tracer_ros/tracer_bringup) by extensions ['colcon_pkg']
[0.591s] Level 1:colcon.colcon_core.package_identification:_identify(/home/tracer/catkin_ws/src/tracer_ros/tracer_bringup) by extension 'colcon_pkg'
[0.591s] Level 1:colcon.colcon_core.package_identification:_identify(/home/tracer/catkin_ws/src/tracer_ros/tracer_bringup) by extensions ['colcon_meta']
[0.591s] Level 1:colcon.colcon_core.package_identification:_identify(/home/tracer/catkin_ws/src/tracer_ros/tracer_bringup) by extension 'colcon_meta'
[0.591s] Level 1:colcon.colcon_core.package_identification:_identify(/home/tracer/catkin_ws/src/tracer_ros/tracer_bringup) by extensions ['ros']
[0.591s] Level 1:colcon.colcon_core.package_identification:_identify(/home/tracer/catkin_ws/src/tracer_ros/tracer_bringup) by extension 'ros'
[0.593s] DEBUG:colcon.colcon_core.package_identification:Package '/home/tracer/catkin_ws/src/tracer_ros/tracer_bringup' with type 'ros.catkin' and name 'tracer_bringup'
[0.594s] Level 1:colcon.colcon_core.package_identification:_identify(/home/tracer/catkin_ws/src/tracer_ros/tracer_description) by extensions ['ignore', 'ignore_ament_install']
[0.594s] Level 1:colcon.colcon_core.package_identification:_identify(/home/tracer/catkin_ws/src/tracer_ros/tracer_description) by extension 'ignore'
[0.594s] Level 1:colcon.colcon_core.package_identification:_identify(/home/tracer/catkin_ws/src/tracer_ros/tracer_description) by extension 'ignore_ament_install'
[0.594s] Level 1:colcon.colcon_core.package_identification:_identify(/home/tracer/catkin_ws/src/tracer_ros/tracer_description) by extensions ['colcon_pkg']
[0.594s] Level 1:colcon.colcon_core.package_identification:_identify(/home/tracer/catkin_ws/src/tracer_ros/tracer_description) by extension 'colcon_pkg'
[0.594s] Level 1:colcon.colcon_core.package_identification:_identify(/home/tracer/catkin_ws/src/tracer_ros/tracer_description) by extensions ['colcon_meta']
[0.595s] Level 1:colcon.colcon_core.package_identification:_identify(/home/tracer/catkin_ws/src/tracer_ros/tracer_description) by extension 'colcon_meta'
[0.595s] Level 1:colcon.colcon_core.package_identification:_identify(/home/tracer/catkin_ws/src/tracer_ros/tracer_description) by extensions ['ros']
[0.595s] Level 1:colcon.colcon_core.package_identification:_identify(/home/tracer/catkin_ws/src/tracer_ros/tracer_description) by extension 'ros'
[0.596s] DEBUG:colcon.colcon_core.package_identification:Package '/home/tracer/catkin_ws/src/tracer_ros/tracer_description' with type 'ros.catkin' and name 'tracer_description'
[0.597s] Level 1:colcon.colcon_core.package_identification:_identify(/home/tracer/catkin_ws/src/tracer_ros/tracer_gazebo_sim) by extensions ['ignore', 'ignore_ament_install']
[0.597s] Level 1:colcon.colcon_core.package_identification:_identify(/home/tracer/catkin_ws/src/tracer_ros/tracer_gazebo_sim) by extension 'ignore'
[0.597s] Level 1:colcon.colcon_core.package_identification:_identify(/home/tracer/catkin_ws/src/tracer_ros/tracer_gazebo_sim) by extension 'ignore_ament_install'
[0.598s] Level 1:colcon.colcon_core.package_identification:_identify(/home/tracer/catkin_ws/src/tracer_ros/tracer_gazebo_sim) by extensions ['colcon_pkg']
[0.598s] Level 1:colcon.colcon_core.package_identification:_identify(/home/tracer/catkin_ws/src/tracer_ros/tracer_gazebo_sim) by extension 'colcon_pkg'
[0.598s] Level 1:colcon.colcon_core.package_identification:_identify(/home/tracer/catkin_ws/src/tracer_ros/tracer_gazebo_sim) by extensions ['colcon_meta']
[0.598s] Level 1:colcon.colcon_core.package_identification:_identify(/home/tracer/catkin_ws/src/tracer_ros/tracer_gazebo_sim) by extension 'colcon_meta'
[0.598s] Level 1:colcon.colcon_core.package_identification:_identify(/home/tracer/catkin_ws/src/tracer_ros/tracer_gazebo_sim) by extensions ['ros']
[0.598s] Level 1:colcon.colcon_core.package_identification:_identify(/home/tracer/catkin_ws/src/tracer_ros/tracer_gazebo_sim) by extension 'ros'
[0.600s] DEBUG:colcon.colcon_core.package_identification:Package '/home/tracer/catkin_ws/src/tracer_ros/tracer_gazebo_sim' with type 'ros.catkin' and name 'tracer_gazebo_sim'
[0.603s] Level 1:colcon.colcon_core.package_identification:_identify(/home/tracer/catkin_ws/src/tracer_ros/tracer_msgs) by extensions ['ignore', 'ignore_ament_install']
[0.603s] Level 1:colcon.colcon_core.package_identification:_identify(/home/tracer/catkin_ws/src/tracer_ros/tracer_msgs) by extension 'ignore'
[0.604s] Level 1:colcon.colcon_core.package_identification:_identify(/home/tracer/catkin_ws/src/tracer_ros/tracer_msgs) by extension 'ignore_ament_install'
[0.604s] Level 1:colcon.colcon_core.package_identification:_identify(/home/tracer/catkin_ws/src/tracer_ros/tracer_msgs) by extensions ['colcon_pkg']
[0.604s] Level 1:colcon.colcon_core.package_identification:_identify(/home/tracer/catkin_ws/src/tracer_ros/tracer_msgs) by extension 'colcon_pkg'
[0.604s] Level 1:colcon.colcon_core.package_identification:_identify(/home/tracer/catkin_ws/src/tracer_ros/tracer_msgs) by extensions ['colcon_meta']
[0.604s] Level 1:colcon.colcon_core.package_identification:_identify(/home/tracer/catkin_ws/src/tracer_ros/tracer_msgs) by extension 'colcon_meta'
[0.604s] Level 1:colcon.colcon_core.package_identification:_identify(/home/tracer/catkin_ws/src/tracer_ros/tracer_msgs) by extensions ['ros']
[0.604s] Level 1:colcon.colcon_core.package_identification:_identify(/home/tracer/catkin_ws/src/tracer_ros/tracer_msgs) by extension 'ros'
[0.606s] DEBUG:colcon.colcon_core.package_identification:Package '/home/tracer/catkin_ws/src/tracer_ros/tracer_msgs' with type 'ros.catkin' and name 'tracer_msgs'
[0.606s] Level 1:colcon.colcon_core.package_discovery:discover_packages(recursive) using defaults
